{
  "stats": {
    "suites": 1,
    "tests": 1,
    "passes": 1,
    "pending": 0,
    "failures": 0,
    "start": "2021-05-26T19:05:41.194Z",
    "end": "2021-05-26T19:05:48.546Z",
    "duration": 7352,
    "testsRegistered": 1,
    "passPercent": 100,
    "pendingPercent": 0,
    "other": 0,
    "hasOther": false,
    "skipped": 0,
    "hasSkipped": false
  },
  "results": [
    {
      "uuid": "f9ae12f1-b8cd-4e49-905f-3a780acfd29d",
      "title": "",
      "fullFile": "cypress/integration/examples/LoginTest2Pass.js",
      "file": "cypress/integration/examples/LoginTest2Pass.js",
      "beforeHooks": [],
      "afterHooks": [],
      "tests": [],
      "suites": [
        {
          "uuid": "5d743ae6-f25a-4af0-8173-a30da77abd92",
          "title": "Test for a Medium Screen",
          "fullFile": "",
          "file": "",
          "beforeHooks": [],
          "afterHooks": [],
          "tests": [
            {
              "title": "Visit a web page",
              "fullTitle": "Test for a Medium Screen Visit a web page",
              "timedOut": null,
              "duration": 5333,
              "state": "passed",
              "speed": "slow",
              "pass": true,
              "fail": false,
              "pending": false,
              "context": null,
              "code": "cy.viewport(1024, 768);\ncy.visit('https://login.llamas.omg.pub/?login_challenge=2ccd7ff8da0f4c09b20bbefc6ee2f3c2'); //Button check\n//Button check\n//Button check\n//Input User\ncy.get('.css-1mtgxzc').eq(0).type(Cypress.env('user_name')); //Input Pass\ncy.get('.css-1mtgxzc').eq(1).type(Cypress.env('user_password')); //Click Login button\ncy.get('button').eq(1).click();",
              "err": {},
              "uuid": "7e5b3beb-6efb-433b-8051-7802dcfdfb8c",
              "parentUUID": "5d743ae6-f25a-4af0-8173-a30da77abd92",
              "isHook": false,
              "skipped": false
            }
          ],
          "suites": [],
          "passes": [
            "7e5b3beb-6efb-433b-8051-7802dcfdfb8c"
          ],
          "failures": [],
          "pending": [],
          "skipped": [],
          "duration": 5333,
          "root": false,
          "rootEmpty": false,
          "_timeout": 2000
        }
      ],
      "passes": [],
      "failures": [],
      "pending": [],
      "skipped": [],
      "duration": 0,
      "root": true,
      "rootEmpty": true,
      "_timeout": 2000
    }
  ],
  "meta": {
    "mocha": {
      "version": "7.0.1"
    },
    "mochawesome": {
      "options": {
        "quiet": false,
        "reportFilename": "mochawesome",
        "saveHtml": false,
        "saveJson": true,
        "consoleReporter": "spec",
        "useInlineDiffs": false,
        "code": true
      },
      "version": "6.2.2"
    },
    "marge": {
      "options": {
        "overwrite": false,
        "html": false,
        "json": true,
        "configFile": "reporter-config.json"
      },
      "version": "5.2.0"
    }
  }
}